{"@timestamp":"2026-06-06T18:51:18.9153521Z","@version":"1","message":"Starting EbankingBackendApplication using Java 21.0.7 with PID 10372 (C:\\Users\\Dell\\Downloads\\PFE\\Digital_E-banking\\ebanking-backend\\target\\classes started by Dell in C:\\Users\\Dell\\Downloads\\PFE\\Digital_E-banking)","logger_name":"ma.enset.ebankingbackend.EbankingBackendApplication","thread_name":"restartedMain","level":"INFO","level_value":20000}
{"@timestamp":"2026-06-06T18:51:18.9233534Z","@version":"1","message":"No active profile set, falling back to 1 default profile: \"default\"","logger_name":"ma.enset.ebankingbackend.EbankingBackendApplication","thread_name":"restartedMain","level":"INFO","level_value":20000}
{"@timestamp":"2026-06-06T18:51:18.9503526Z","@version":"1","message":"Devtools property defaults active! Set 'spring.devtools.add-properties' to 'false' to disable","logger_name":"org.springframework.boot.devtools.env.DevToolsPropertyDefaultsPostProcessor","thread_name":"restartedMain","level":"INFO","level_value":20000}
{"@timestamp":"2026-06-06T18:51:18.9503526Z","@version":"1","message":"For additional web related logging consider setting the 'logging.level.web' property to 'DEBUG'","logger_name":"org.springframework.boot.devtools.env.DevToolsPropertyDefaultsPostProcessor","thread_name":"restartedMain","level":"INFO","level_value":20000}
{"@timestamp":"2026-06-06T18:51:19.5229961Z","@version":"1","message":"Bootstrapping Spring Data JPA repositories in DEFAULT mode.","logger_name":"org.springframework.data.repository.config.RepositoryConfigurationDelegate","thread_name":"restartedMain","level":"INFO","level_value":20000}
{"@timestamp":"2026-06-06T18:51:19.557996Z","@version":"1","message":"Finished Spring Data repository scanning in 30 ms. Found 3 JPA repository interfaces.","logger_name":"org.springframework.data.repository.config.RepositoryConfigurationDelegate","thread_name":"restartedMain","level":"INFO","level_value":20000}
{"@timestamp":"2026-06-06T18:51:19.8209796Z","@version":"1","message":"Tomcat initialized with port 8085 (http)","logger_name":"org.springframework.boot.web.embedded.tomcat.TomcatWebServer","thread_name":"restartedMain","level":"INFO","level_value":20000}
{"@timestamp":"2026-06-06T18:51:19.8299797Z","@version":"1","message":"Initializing ProtocolHandler [\"http-nio-8085\"]","logger_name":"org.apache.coyote.http11.Http11NioProtocol","thread_name":"restartedMain","level":"INFO","level_value":20000}
{"@timestamp":"2026-06-06T18:51:19.8309974Z","@version":"1","message":"Starting service [Tomcat]","logger_name":"org.apache.catalina.core.StandardService","thread_name":"restartedMain","level":"INFO","level_value":20000}
{"@timestamp":"2026-06-06T18:51:19.8309974Z","@version":"1","message":"Starting Servlet engine: [Apache Tomcat/10.1.42]","logger_name":"org.apache.catalina.core.StandardEngine","thread_name":"restartedMain","level":"INFO","level_value":20000}
{"@timestamp":"2026-06-06T18:51:19.8609808Z","@version":"1","message":"Initializing Spring embedded WebApplicationContext","logger_name":"org.apache.catalina.core.ContainerBase.[Tomcat].[localhost].[/]","thread_name":"restartedMain","level":"INFO","level_value":20000}
{"@timestamp":"2026-06-06T18:51:19.8609808Z","@version":"1","message":"Root WebApplicationContext: initialization completed in 910 ms","logger_name":"org.springframework.boot.web.servlet.context.ServletWebServerApplicationContext","thread_name":"restartedMain","level":"INFO","level_value":20000}
{"@timestamp":"2026-06-06T18:51:20.0149812Z","@version":"1","message":"HHH000204: Processing PersistenceUnitInfo [name: default]","logger_name":"org.hibernate.jpa.internal.util.LogHelper","thread_name":"restartedMain","level":"INFO","level_value":20000}
{"@timestamp":"2026-06-06T18:51:20.0739952Z","@version":"1","message":"HHH000412: Hibernate ORM core version 6.6.18.Final","logger_name":"org.hibernate.Version","thread_name":"restartedMain","level":"INFO","level_value":20000}
{"@timestamp":"2026-06-06T18:51:20.0979953Z","@version":"1","message":"HHH000026: Second-level cache disabled","logger_name":"org.hibernate.cache.internal.RegionFactoryInitiator","thread_name":"restartedMain","level":"INFO","level_value":20000}
{"@timestamp":"2026-06-06T18:51:20.2429953Z","@version":"1","message":"No LoadTimeWeaver setup: ignoring JPA class transformer","logger_name":"org.springframework.orm.jpa.persistenceunit.SpringPersistenceUnitInfo","thread_name":"restartedMain","level":"INFO","level_value":20000}
{"@timestamp":"2026-06-06T18:51:20.2599959Z","@version":"1","message":"HikariPool-1 - Starting...","logger_name":"com.zaxxer.hikari.HikariDataSource","thread_name":"restartedMain","level":"INFO","level_value":20000}
{"@timestamp":"2026-06-06T18:51:20.3560016Z","@version":"1","message":"HikariPool-1 - Added connection com.mysql.cj.jdbc.ConnectionImpl@1ffa0173","logger_name":"com.zaxxer.hikari.pool.HikariPool","thread_name":"restartedMain","level":"INFO","level_value":20000}
{"@timestamp":"2026-06-06T18:51:20.3569794Z","@version":"1","message":"HikariPool-1 - Start completed.","logger_name":"com.zaxxer.hikari.HikariDataSource","thread_name":"restartedMain","level":"INFO","level_value":20000}
{"@timestamp":"2026-06-06T18:51:20.3709954Z","@version":"1","message":"HHH90000025: MySQL8Dialect does not need to be specified explicitly using 'hibernate.dialect' (remove the property setting and it will be selected by default)","logger_name":"org.hibernate.orm.deprecation","thread_name":"restartedMain","level":"WARN","level_value":30000}
{"@timestamp":"2026-06-06T18:51:20.3709954Z","@version":"1","message":"HHH90000026: MySQL8Dialect has been deprecated; use org.hibernate.dialect.MySQLDialect instead","logger_name":"org.hibernate.orm.deprecation","thread_name":"restartedMain","level":"WARN","level_value":30000}
{"@timestamp":"2026-06-06T18:51:20.3799797Z","@version":"1","message":"HHH10001005: Database info:\n\tDatabase JDBC URL [Connecting through datasource 'HikariDataSource (HikariPool-1)']\n\tDatabase driver: undefined/unknown\n\tDatabase version: 8.0\n\tAutocommit mode: undefined/unknown\n\tIsolation level: undefined/unknown\n\tMinimum pool size: undefined/unknown\n\tMaximum pool size: undefined/unknown","logger_name":"org.hibernate.orm.connections.pooling","thread_name":"restartedMain","level":"INFO","level_value":20000}
{"@timestamp":"2026-06-06T18:51:20.930455Z","@version":"1","message":"HHH000489: No JTA platform available (set 'hibernate.transaction.jta.platform' to enable JTA platform integration)","logger_name":"org.hibernate.engine.transaction.jta.platform.internal.JtaPlatformInitiator","thread_name":"restartedMain","level":"INFO","level_value":20000}
{"@timestamp":"2026-06-06T18:51:20.9994515Z","@version":"1","message":"Initialized JPA EntityManagerFactory for persistence unit 'default'","logger_name":"org.springframework.orm.jpa.LocalContainerEntityManagerFactoryBean","thread_name":"restartedMain","level":"INFO","level_value":20000}
{"@timestamp":"2026-06-06T18:51:21.2394606Z","@version":"1","message":"spring.jpa.open-in-view is enabled by default. Therefore, database queries may be performed during view rendering. Explicitly configure spring.jpa.open-in-view to disable this warning","logger_name":"org.springframework.boot.autoconfigure.orm.jpa.JpaBaseConfiguration$JpaWebConfiguration","thread_name":"restartedMain","level":"WARN","level_value":30000}
{"@timestamp":"2026-06-06T18:51:21.5044347Z","@version":"1","message":"H2 console available at '/h2-console'. Database available at 'jdbc:mysql://localhost:3306/e-bank?createDatabaseIfNotExist=true&serverTimezone=UTC'","logger_name":"org.springframework.boot.autoconfigure.h2.H2ConsoleAutoConfiguration","thread_name":"restartedMain","level":"INFO","level_value":20000}
{"@timestamp":"2026-06-06T18:51:21.522453Z","@version":"1","message":"LiveReload server is running on port 35729","logger_name":"org.springframework.boot.devtools.autoconfigure.OptionalLiveReloadServer","thread_name":"restartedMain","level":"INFO","level_value":20000}
{"@timestamp":"2026-06-06T18:51:21.5254733Z","@version":"1","message":"Exposing 15 endpoints beneath base path '/actuator'","logger_name":"org.springframework.boot.actuate.endpoint.web.EndpointLinksResolver","thread_name":"restartedMain","level":"INFO","level_value":20000}
{"@timestamp":"2026-06-06T18:51:21.5624505Z","@version":"1","message":"Starting ProtocolHandler [\"http-nio-8085\"]","logger_name":"org.apache.coyote.http11.Http11NioProtocol","thread_name":"restartedMain","level":"INFO","level_value":20000}
{"@timestamp":"2026-06-06T18:51:21.5714372Z","@version":"1","message":"Tomcat started on port 8085 (http) with context path '/'","logger_name":"org.springframework.boot.web.embedded.tomcat.TomcatWebServer","thread_name":"restartedMain","level":"INFO","level_value":20000}
{"@timestamp":"2026-06-06T18:51:21.5784516Z","@version":"1","message":"Started EbankingBackendApplication in 3.17 seconds (process running for 3.64)","logger_name":"ma.enset.ebankingbackend.EbankingBackendApplication","thread_name":"restartedMain","level":"INFO","level_value":20000}
{"@timestamp":"2026-06-06T18:51:22.1387455Z","@version":"1","message":"Initializing Spring DispatcherServlet 'dispatcherServlet'","logger_name":"org.apache.catalina.core.ContainerBase.[Tomcat].[localhost].[/]","thread_name":"RMI TCP Connection(3)-192.168.11.106","level":"INFO","level_value":20000}
{"@timestamp":"2026-06-06T18:51:22.1397459Z","@version":"1","message":"Initializing Servlet 'dispatcherServlet'","logger_name":"org.springframework.web.servlet.DispatcherServlet","thread_name":"RMI TCP Connection(3)-192.168.11.106","level":"INFO","level_value":20000}
{"@timestamp":"2026-06-06T18:51:22.1407458Z","@version":"1","message":"Completed initialization in 1 ms","logger_name":"org.springframework.web.servlet.DispatcherServlet","thread_name":"RMI TCP Connection(3)-192.168.11.106","level":"INFO","level_value":20000}
{"@timestamp":"2026-06-06T18:51:22.9289949Z","@version":"1","message":"REQUEST GET /actuator/prometheus -> 200 (68 ms)","logger_name":"ma.enset.ebankingbackend.RequestLoggingFilter","thread_name":"http-nio-8085-exec-1","level":"INFO","level_value":20000}
{"@timestamp":"2026-06-06T18:51:37.8756935Z","@version":"1","message":"REQUEST GET /actuator/prometheus -> 200 (66 ms)","logger_name":"ma.enset.ebankingbackend.RequestLoggingFilter","thread_name":"http-nio-8085-exec-3","level":"INFO","level_value":20000}
{"@timestamp":"2026-06-06T18:51:52.8819552Z","@version":"1","message":"REQUEST GET /actuator/prometheus -> 200 (73 ms)","logger_name":"ma.enset.ebankingbackend.RequestLoggingFilter","thread_name":"http-nio-8085-exec-2","level":"INFO","level_value":20000}
{"@timestamp":"2026-06-06T18:52:07.8457197Z","@version":"1","message":"REQUEST GET /actuator/prometheus -> 200 (37 ms)","logger_name":"ma.enset.ebankingbackend.RequestLoggingFilter","thread_name":"http-nio-8085-exec-4","level":"INFO","level_value":20000}
{"@timestamp":"2026-06-06T18:52:22.8717211Z","@version":"1","message":"REQUEST GET /actuator/prometheus -> 200 (62 ms)","logger_name":"ma.enset.ebankingbackend.RequestLoggingFilter","thread_name":"http-nio-8085-exec-5","level":"INFO","level_value":20000}
{"@timestamp":"2026-06-06T18:52:37.8778944Z","@version":"1","message":"REQUEST GET /actuator/prometheus -> 200 (69 ms)","logger_name":"ma.enset.ebankingbackend.RequestLoggingFilter","thread_name":"http-nio-8085-exec-6","level":"INFO","level_value":20000}
{"@timestamp":"2026-06-06T18:52:52.8720564Z","@version":"1","message":"REQUEST GET /actuator/prometheus -> 200 (67 ms)","logger_name":"ma.enset.ebankingbackend.RequestLoggingFilter","thread_name":"http-nio-8085-exec-7","level":"INFO","level_value":20000}
{"@timestamp":"2026-06-06T18:53:04.3702024Z","@version":"1","message":"Commencing graceful shutdown. Waiting for active requests to complete","logger_name":"org.springframework.boot.web.embedded.tomcat.GracefulShutdown","thread_name":"SpringApplicationShutdownHook","level":"INFO","level_value":20000}
{"@timestamp":"2026-06-06T18:53:04.3752259Z","@version":"1","message":"Graceful shutdown complete","logger_name":"org.springframework.boot.web.embedded.tomcat.GracefulShutdown","thread_name":"tomcat-shutdown","level":"INFO","level_value":20000}
{"@timestamp":"2026-06-06T18:53:04.3800686Z","@version":"1","message":"Closing JPA EntityManagerFactory for persistence unit 'default'","logger_name":"org.springframework.orm.jpa.LocalContainerEntityManagerFactoryBean","thread_name":"SpringApplicationShutdownHook","level":"INFO","level_value":20000}
{"@timestamp":"2026-06-06T18:53:04.3824223Z","@version":"1","message":"HikariPool-1 - Shutdown initiated...","logger_name":"com.zaxxer.hikari.HikariDataSource","thread_name":"SpringApplicationShutdownHook","level":"INFO","level_value":20000}
{"@timestamp":"2026-06-06T18:53:04.3864747Z","@version":"1","message":"HikariPool-1 - Shutdown completed.","logger_name":"com.zaxxer.hikari.HikariDataSource","thread_name":"SpringApplicationShutdownHook","level":"INFO","level_value":20000}
